<?xml version="1.0" encoding="UTF-8"?>
<!-- Generated by org.testng.reporters.JUnitReportReporter -->
<testsuite hostname="Xeon_Opteron" name="ua.com.rozetka.pages.TopListPriceAndModelSmartphonesTest" tests="2" failures="0" timestamp="3 May 2016 13:56:29 GMT" time="49.693" errors="0">
  <testcase name="getModelAndPriceOfTopRatedSmartphones2" time="24.167" classname="ua.com.rozetka.pages.TopListPriceAndModelSmartphonesTest"/>
  <testcase name="getModelAndPriceOfTopRatedSmartphones" time="25.526" classname="ua.com.rozetka.pages.TopListPriceAndModelSmartphonesTest"/>
</testsuite> <!-- ua.com.rozetka.pages.TopListPriceAndModelSmartphonesTest -->
